{"name": "test_storeOUT", "status": "broken", "statusDetails": {"message": "selenium.common.exceptions.NoSuchElementException: Message: no such element: Unable to locate element: {\"method\":\"xpath\",\"selector\":\"/html/body/div[1]/header/div[1]/div/ul/li[2]/div/ul/li[3]/a\"}\n  (Session info: chrome=114.0.5735.134); For documentation on this error, please visit: https://www.selenium.dev/documentation/webdriver/troubleshooting/errors#no-such-element-exception\nStacktrace:\nBacktrace:\n\tGetHandleVerifier [0x0087A813+48355]\n\t(No symbol) [0x0080C4B1]\n\t(No symbol) [0x00715358]\n\t(No symbol) [0x007409A5]\n\t(No symbol) [0x00740B3B]\n\t(No symbol) [0x0076E232]\n\t(No symbol) [0x0075A784]\n\t(No symbol) [0x0076C922]\n\t(No symbol) [0x0075A536]\n\t(No symbol) [0x007382DC]\n\t(No symbol) [0x007393DD]\n\tGetHandleVerifier [0x00ADAABD+2539405]\n\tGetHandleVerifier [0x00B1A78F+2800735]\n\tGetHandleVerifier [0x00B1456C+2775612]\n\tGetHandleVerifier [0x009051E0+616112]\n\t(No symbol) [0x00815F8C]\n\t(No symbol) [0x00812328]\n\t(No symbol) [0x0081240B]\n\t(No symbol) [0x00804FF7]\n\tBaseThreadInitThunk [0x777200C9+25]\n\tRtlGetAppContainerNamedObjectPath [0x77E27B4E+286]\n\tRtlGetAppContainerNamedObjectPath [0x77E27B1E+238]", "trace": "self = <test_1.Test object at 0x00000251E0CC3E50>\n\n    @allure.epic('')\n    @allure.feature('Тест банка')\n    @allure.story('Тест личного кабинета')\n    @allure.severity(allure.severity_level.BLOCKER)\n    @allure.description('')\n    def test_storeOUT(self):\n        with allure.step('Открывает ссылку'):\n            self.browser.get(url)\n            allure.attach(self.browser.get_screenshot_as_png(), name=\"Screenshot\", attachment_type=AttachmentType.PNG)\n            with allure.step('Открывает ссылку'):\n>               self.browser.find_element(By.XPATH, '/html/body/div[1]/header/div[1]/div/ul/li[2]/div/ul/li[3]/a').click()\n\nTestProject\\test_1.py:377: \n_ _ _ _ _ _ _ _ _ _ _ _ _ _ _ _ _ _ _ _ _ _ _ _ _ _ _ _ _ _ _ _ _ _ _ _ _ _ _ _ _ _ _ _ _ _ _ _ _ _ _ _ _ _ _ _ _ _ _ _ _ _ _ _ _ _ _ _ _ _ _ _ _ _ _ _ _ _ _ _ _ _ _ _ _ _ _ _ _ _ _ _ _ _ _ _ _\nH:\\Тестирование\\Программирование Pyton\\8\\Pyton_Control\\Lib\\site-packages\\selenium\\webdriver\\remote\\webdriver.py:740: in find_element\n    return self.execute(Command.FIND_ELEMENT, {\"using\": by, \"value\": value})[\"value\"]\nH:\\Тестирование\\Программирование Pyton\\8\\Pyton_Control\\Lib\\site-packages\\selenium\\webdriver\\remote\\webdriver.py:346: in execute\n    self.error_handler.check_response(response)\n_ _ _ _ _ _ _ _ _ _ _ _ _ _ _ _ _ _ _ _ _ _ _ _ _ _ _ _ _ _ _ _ _ _ _ _ _ _ _ _ _ _ _ _ _ _ _ _ _ _ _ _ _ _ _ _ _ _ _ _ _ _ _ _ _ _ _ _ _ _ _ _ _ _ _ _ _ _ _ _ _ _ _ _ _ _ _ _ _ _ _ _ _ _ _ _ _\n\nself = <selenium.webdriver.remote.errorhandler.ErrorHandler object at 0x00000251E0C49B10>\nresponse = {'status': 404, 'value': '{\"value\":{\"error\":\"no such element\",\"message\":\"no such element: Unable to locate element: {\\...\\n\\\\tRtlGetAppContainerNamedObjectPath [0x77E27B4E+286]\\\\n\\\\tRtlGetAppContainerNamedObjectPath [0x77E27B1E+238]\\\\n\"}}'}\n\n    def check_response(self, response: Dict[str, Any]) -> None:\n        \"\"\"Checks that a JSON response from the WebDriver does not have an\n        error.\n    \n        :Args:\n         - response - The JSON response from the WebDriver server as a dictionary\n           object.\n    \n        :Raises: If the response contains an error message.\n        \"\"\"\n        status = response.get(\"status\", None)\n        if not status or status == ErrorCode.SUCCESS:\n            return\n        value = None\n        message = response.get(\"message\", \"\")\n        screen: str = response.get(\"screen\", \"\")\n        stacktrace = None\n        if isinstance(status, int):\n            value_json = response.get(\"value\", None)\n            if value_json and isinstance(value_json, str):\n                import json\n    \n                try:\n                    value = json.loads(value_json)\n                    if len(value) == 1:\n                        value = value[\"value\"]\n                    status = value.get(\"error\", None)\n                    if not status:\n                        status = value.get(\"status\", ErrorCode.UNKNOWN_ERROR)\n                        message = value.get(\"value\") or value.get(\"message\")\n                        if not isinstance(message, str):\n                            value = message\n                            message = message.get(\"message\")\n                    else:\n                        message = value.get(\"message\", None)\n                except ValueError:\n                    pass\n    \n        exception_class: Type[WebDriverException]\n        if status in ErrorCode.NO_SUCH_ELEMENT:\n            exception_class = NoSuchElementException\n        elif status in ErrorCode.NO_SUCH_FRAME:\n            exception_class = NoSuchFrameException\n        elif status in ErrorCode.NO_SUCH_SHADOW_ROOT:\n            exception_class = NoSuchShadowRootException\n        elif status in ErrorCode.NO_SUCH_WINDOW:\n            exception_class = NoSuchWindowException\n        elif status in ErrorCode.STALE_ELEMENT_REFERENCE:\n            exception_class = StaleElementReferenceException\n        elif status in ErrorCode.ELEMENT_NOT_VISIBLE:\n            exception_class = ElementNotVisibleException\n        elif status in ErrorCode.INVALID_ELEMENT_STATE:\n            exception_class = InvalidElementStateException\n        elif (\n            status in ErrorCode.INVALID_SELECTOR\n            or status in ErrorCode.INVALID_XPATH_SELECTOR\n            or status in ErrorCode.INVALID_XPATH_SELECTOR_RETURN_TYPER\n        ):\n            exception_class = InvalidSelectorException\n        elif status in ErrorCode.ELEMENT_IS_NOT_SELECTABLE:\n            exception_class = ElementNotSelectableException\n        elif status in ErrorCode.ELEMENT_NOT_INTERACTABLE:\n            exception_class = ElementNotInteractableException\n        elif status in ErrorCode.INVALID_COOKIE_DOMAIN:\n            exception_class = InvalidCookieDomainException\n        elif status in ErrorCode.UNABLE_TO_SET_COOKIE:\n            exception_class = UnableToSetCookieException\n        elif status in ErrorCode.TIMEOUT:\n            exception_class = TimeoutException\n        elif status in ErrorCode.SCRIPT_TIMEOUT:\n            exception_class = TimeoutException\n        elif status in ErrorCode.UNKNOWN_ERROR:\n            exception_class = WebDriverException\n        elif status in ErrorCode.UNEXPECTED_ALERT_OPEN:\n            exception_class = UnexpectedAlertPresentException\n        elif status in ErrorCode.NO_ALERT_OPEN:\n            exception_class = NoAlertPresentException\n        elif status in ErrorCode.IME_NOT_AVAILABLE:\n            exception_class = ImeNotAvailableException\n        elif status in ErrorCode.IME_ENGINE_ACTIVATION_FAILED:\n            exception_class = ImeActivationFailedException\n        elif status in ErrorCode.MOVE_TARGET_OUT_OF_BOUNDS:\n            exception_class = MoveTargetOutOfBoundsException\n        elif status in ErrorCode.JAVASCRIPT_ERROR:\n            exception_class = JavascriptException\n        elif status in ErrorCode.SESSION_NOT_CREATED:\n            exception_class = SessionNotCreatedException\n        elif status in ErrorCode.INVALID_ARGUMENT:\n            exception_class = InvalidArgumentException\n        elif status in ErrorCode.NO_SUCH_COOKIE:\n            exception_class = NoSuchCookieException\n        elif status in ErrorCode.UNABLE_TO_CAPTURE_SCREEN:\n            exception_class = ScreenshotException\n        elif status in ErrorCode.ELEMENT_CLICK_INTERCEPTED:\n            exception_class = ElementClickInterceptedException\n        elif status in ErrorCode.INSECURE_CERTIFICATE:\n            exception_class = InsecureCertificateException\n        elif status in ErrorCode.INVALID_COORDINATES:\n            exception_class = InvalidCoordinatesException\n        elif status in ErrorCode.INVALID_SESSION_ID:\n            exception_class = InvalidSessionIdException\n        elif status in ErrorCode.UNKNOWN_METHOD:\n            exception_class = UnknownMethodException\n        else:\n            exception_class = WebDriverException\n        if not value:\n            value = response[\"value\"]\n        if isinstance(value, str):\n            raise exception_class(value)\n        if message == \"\" and \"message\" in value:\n            message = value[\"message\"]\n    \n        screen = None  # type: ignore[assignment]\n        if \"screen\" in value:\n            screen = value[\"screen\"]\n    \n        stacktrace = None\n        st_value = value.get(\"stackTrace\") or value.get(\"stacktrace\")\n        if st_value:\n            if isinstance(st_value, str):\n                stacktrace = st_value.split(\"\\n\")\n            else:\n                stacktrace = []\n                try:\n                    for frame in st_value:\n                        line = frame.get(\"lineNumber\", \"\")\n                        file = frame.get(\"fileName\", \"<anonymous>\")\n                        if line:\n                            file = f\"{file}:{line}\"\n                        meth = frame.get(\"methodName\", \"<anonymous>\")\n                        if \"className\" in frame:\n                            meth = f\"{frame['className']}.{meth}\"\n                        msg = \"    at %s (%s)\"\n                        msg = msg % (meth, file)\n                        stacktrace.append(msg)\n                except TypeError:\n                    pass\n        if exception_class == UnexpectedAlertPresentException:\n            alert_text = None\n            if \"data\" in value:\n                alert_text = value[\"data\"].get(\"text\")\n            elif \"alert\" in value:\n                alert_text = value[\"alert\"].get(\"text\")\n            raise exception_class(message, screen, stacktrace, alert_text)  # type: ignore[call-arg]  # mypy is not smart enough here\n>       raise exception_class(message, screen, stacktrace)\nE       selenium.common.exceptions.NoSuchElementException: Message: no such element: Unable to locate element: {\"method\":\"xpath\",\"selector\":\"/html/body/div[1]/header/div[1]/div/ul/li[2]/div/ul/li[3]/a\"}\nE         (Session info: chrome=114.0.5735.134); For documentation on this error, please visit: https://www.selenium.dev/documentation/webdriver/troubleshooting/errors#no-such-element-exception\nE       Stacktrace:\nE       Backtrace:\nE       \tGetHandleVerifier [0x0087A813+48355]\nE       \t(No symbol) [0x0080C4B1]\nE       \t(No symbol) [0x00715358]\nE       \t(No symbol) [0x007409A5]\nE       \t(No symbol) [0x00740B3B]\nE       \t(No symbol) [0x0076E232]\nE       \t(No symbol) [0x0075A784]\nE       \t(No symbol) [0x0076C922]\nE       \t(No symbol) [0x0075A536]\nE       \t(No symbol) [0x007382DC]\nE       \t(No symbol) [0x007393DD]\nE       \tGetHandleVerifier [0x00ADAABD+2539405]\nE       \tGetHandleVerifier [0x00B1A78F+2800735]\nE       \tGetHandleVerifier [0x00B1456C+2775612]\nE       \tGetHandleVerifier [0x009051E0+616112]\nE       \t(No symbol) [0x00815F8C]\nE       \t(No symbol) [0x00812328]\nE       \t(No symbol) [0x0081240B]\nE       \t(No symbol) [0x00804FF7]\nE       \tBaseThreadInitThunk [0x777200C9+25]\nE       \tRtlGetAppContainerNamedObjectPath [0x77E27B4E+286]\nE       \tRtlGetAppContainerNamedObjectPath [0x77E27B1E+238]\n\nH:\\Тестирование\\Программирование Pyton\\8\\Pyton_Control\\Lib\\site-packages\\selenium\\webdriver\\remote\\errorhandler.py:245: NoSuchElementException"}, "steps": [{"name": "Открывает ссылку", "status": "broken", "statusDetails": {"message": "selenium.common.exceptions.NoSuchElementException: Message: no such element: Unable to locate element: {\"method\":\"xpath\",\"selector\":\"/html/body/div[1]/header/div[1]/div/ul/li[2]/div/ul/li[3]/a\"}\n  (Session info: chrome=114.0.5735.134); For documentation on this error, please visit: https://www.selenium.dev/documentation/webdriver/troubleshooting/errors#no-such-element-exception\nStacktrace:\nBacktrace:\n\tGetHandleVerifier [0x0087A813+48355]\n\t(No symbol) [0x0080C4B1]\n\t(No symbol) [0x00715358]\n\t(No symbol) [0x007409A5]\n\t(No symbol) [0x00740B3B]\n\t(No symbol) [0x0076E232]\n\t(No symbol) [0x0075A784]\n\t(No symbol) [0x0076C922]\n\t(No symbol) [0x0075A536]\n\t(No symbol) [0x007382DC]\n\t(No symbol) [0x007393DD]\n\tGetHandleVerifier [0x00ADAABD+2539405]\n\tGetHandleVerifier [0x00B1A78F+2800735]\n\tGetHandleVerifier [0x00B1456C+2775612]\n\tGetHandleVerifier [0x009051E0+616112]\n\t(No symbol) [0x00815F8C]\n\t(No symbol) [0x00812328]\n\t(No symbol) [0x0081240B]\n\t(No symbol) [0x00804FF7]\n\tBaseThreadInitThunk [0x777200C9+25]\n\tRtlGetAppContainerNamedObjectPath [0x77E27B4E+286]\n\tRtlGetAppContainerNamedObjectPath [0x77E27B1E+238]\n\n", "trace": "  File \"H:\\Обучение\\Тестирование\\Программирование Pyton\\Pyton_Control\\TestProject\\test_1.py\", line 377, in test_storeOUT\n    self.browser.find_element(By.XPATH, '/html/body/div[1]/header/div[1]/div/ul/li[2]/div/ul/li[3]/a').click()\n    ^^^^^^^^^^^^^^^^^^^^^^^^^^^^^^^^^^^^^^^^^^^^^^^^^^^^^^^^^^^^^^^^^^^^^^^^^^^^^^^^^^^^^^^^^^^^^^^^^^\n  File \"H:\\Тестирование\\Программирование Pyton\\8\\Pyton_Control\\Lib\\site-packages\\selenium\\webdriver\\remote\\webdriver.py\", line 740, in find_element\n    return self.execute(Command.FIND_ELEMENT, {\"using\": by, \"value\": value})[\"value\"]\n           ^^^^^^^^^^^^^^^^^^^^^^^^^^^^^^^^^^^^^^^^^^^^^^^^^^^^^^^^^^^^^^^^^\n  File \"H:\\Тестирование\\Программирование Pyton\\8\\Pyton_Control\\Lib\\site-packages\\selenium\\webdriver\\remote\\webdriver.py\", line 346, in execute\n    self.error_handler.check_response(response)\n  File \"H:\\Тестирование\\Программирование Pyton\\8\\Pyton_Control\\Lib\\site-packages\\selenium\\webdriver\\remote\\errorhandler.py\", line 245, in check_response\n    raise exception_class(message, screen, stacktrace)\n"}, "steps": [{"name": "Открывает ссылку", "status": "broken", "statusDetails": {"message": "selenium.common.exceptions.NoSuchElementException: Message: no such element: Unable to locate element: {\"method\":\"xpath\",\"selector\":\"/html/body/div[1]/header/div[1]/div/ul/li[2]/div/ul/li[3]/a\"}\n  (Session info: chrome=114.0.5735.134); For documentation on this error, please visit: https://www.selenium.dev/documentation/webdriver/troubleshooting/errors#no-such-element-exception\nStacktrace:\nBacktrace:\n\tGetHandleVerifier [0x0087A813+48355]\n\t(No symbol) [0x0080C4B1]\n\t(No symbol) [0x00715358]\n\t(No symbol) [0x007409A5]\n\t(No symbol) [0x00740B3B]\n\t(No symbol) [0x0076E232]\n\t(No symbol) [0x0075A784]\n\t(No symbol) [0x0076C922]\n\t(No symbol) [0x0075A536]\n\t(No symbol) [0x007382DC]\n\t(No symbol) [0x007393DD]\n\tGetHandleVerifier [0x00ADAABD+2539405]\n\tGetHandleVerifier [0x00B1A78F+2800735]\n\tGetHandleVerifier [0x00B1456C+2775612]\n\tGetHandleVerifier [0x009051E0+616112]\n\t(No symbol) [0x00815F8C]\n\t(No symbol) [0x00812328]\n\t(No symbol) [0x0081240B]\n\t(No symbol) [0x00804FF7]\n\tBaseThreadInitThunk [0x777200C9+25]\n\tRtlGetAppContainerNamedObjectPath [0x77E27B4E+286]\n\tRtlGetAppContainerNamedObjectPath [0x77E27B1E+238]\n\n", "trace": "  File \"H:\\Обучение\\Тестирование\\Программирование Pyton\\Pyton_Control\\TestProject\\test_1.py\", line 377, in test_storeOUT\n    self.browser.find_element(By.XPATH, '/html/body/div[1]/header/div[1]/div/ul/li[2]/div/ul/li[3]/a').click()\n    ^^^^^^^^^^^^^^^^^^^^^^^^^^^^^^^^^^^^^^^^^^^^^^^^^^^^^^^^^^^^^^^^^^^^^^^^^^^^^^^^^^^^^^^^^^^^^^^^^^\n  File \"H:\\Тестирование\\Программирование Pyton\\8\\Pyton_Control\\Lib\\site-packages\\selenium\\webdriver\\remote\\webdriver.py\", line 740, in find_element\n    return self.execute(Command.FIND_ELEMENT, {\"using\": by, \"value\": value})[\"value\"]\n           ^^^^^^^^^^^^^^^^^^^^^^^^^^^^^^^^^^^^^^^^^^^^^^^^^^^^^^^^^^^^^^^^^\n  File \"H:\\Тестирование\\Программирование Pyton\\8\\Pyton_Control\\Lib\\site-packages\\selenium\\webdriver\\remote\\webdriver.py\", line 346, in execute\n    self.error_handler.check_response(response)\n  File \"H:\\Тестирование\\Программирование Pyton\\8\\Pyton_Control\\Lib\\site-packages\\selenium\\webdriver\\remote\\errorhandler.py\", line 245, in check_response\n    raise exception_class(message, screen, stacktrace)\n"}, "start": 1687899317685, "stop": 1687899322701}], "attachments": [{"name": "Screenshot", "source": "fce55824-1000-4052-9bfe-ee2f15da0391-attachment.png", "type": "image/png"}], "start": 1687899302273, "stop": 1687899322705}], "start": 1687899302273, "stop": 1687899322707, "uuid": "5dac5ead-5a85-4842-b24f-03a7a986a2ab", "historyId": "ef97bd1aba5edf07d232500640fdfaaf", "testCaseId": "ef97bd1aba5edf07d232500640fdfaaf", "fullName": "TestProject.test_1.Test#test_storeOUT", "labels": [{"name": "feature", "value": "Тест банка"}, {"name": "severity", "value": "blocker"}, {"name": "epic"}, {"name": "story", "value": "Тест личного кабинета"}, {"name": "tag", "value": "@pytest.mark.usefixtures('setup')"}, {"name": "parentSuite", "value": "TestProject"}, {"name": "suite", "value": "test_1"}, {"name": "subSuite", "value": "Test"}, {"name": "host", "value": "DESKTOP-UJLQ8V0"}, {"name": "thread", "value": "16904-MainThread"}, {"name": "framework", "value": "pytest"}, {"name": "language", "value": "cpython3"}, {"name": "package", "value": "TestProject.test_1"}]}